<?xml version="1.0" encoding="UTF-8"?>
<coverage generated="1718988073322" clover="3.2.0">
  <project timestamp="1718988073323" name="All files">
    <metrics statements="74" coveredstatements="72" conditionals="32" coveredconditionals="27" methods="13" coveredmethods="13" elements="119" coveredelements="112" complexity="0" loc="74" ncloc="74" packages="1" files="5" classes="5"/>
    <file name="constants.ts" path="/Users/premanand/jsonlogic-transformer/src/constants.ts">
      <metrics statements="1" coveredstatements="1" conditionals="0" coveredconditionals="0" methods="0" coveredmethods="0"/>
      <line num="5" count="2" type="stmt"/>
    </file>
    <file name="main.ts" path="/Users/premanand/jsonlogic-transformer/src/main.ts">
      <metrics statements="3" coveredstatements="3" conditionals="0" coveredconditionals="0" methods="0" coveredmethods="0"/>
      <line num="1" count="1" type="stmt"/>
      <line num="2" count="1" type="stmt"/>
      <line num="4" count="1" type="stmt"/>
    </file>
    <file name="transformToJson.ts" path="/Users/premanand/jsonlogic-transformer/src/transformToJson.ts">
      <metrics statements="10" coveredstatements="8" conditionals="0" coveredconditionals="0" methods="1" coveredmethods="1"/>
      <line num="2" count="2" type="stmt"/>
      <line num="3" count="2" type="stmt"/>
      <line num="5" count="2" type="stmt"/>
      <line num="6" count="1" type="stmt"/>
      <line num="7" count="1" type="stmt"/>
      <line num="8" count="1" type="stmt"/>
      <line num="9" count="1" type="stmt"/>
      <line num="12" count="0" type="stmt"/>
      <line num="13" count="0" type="stmt"/>
      <line num="17" count="2" type="stmt"/>
    </file>
    <file name="transformToJsonlogic.ts" path="/Users/premanand/jsonlogic-transformer/src/transformToJsonlogic.ts">
      <metrics statements="60" coveredstatements="60" conditionals="32" coveredconditionals="27" methods="12" coveredmethods="12"/>
      <line num="1" count="2" type="stmt"/>
      <line num="2" count="2" type="stmt"/>
      <line num="3" count="2" type="stmt"/>
      <line num="8" count="2" type="stmt"/>
      <line num="9" count="25" type="cond" truecount="1" falsecount="2"/>
      <line num="10" count="25" type="stmt"/>
      <line num="12" count="25" type="cond" truecount="13" falsecount="0"/>
      <line num="14" count="3" type="stmt"/>
      <line num="16" count="6" type="cond" truecount="3" falsecount="1"/>
      <line num="17" count="6" type="stmt"/>
      <line num="19" count="3" type="stmt"/>
      <line num="20" count="3" type="stmt"/>
      <line num="23" count="2" type="stmt"/>
      <line num="25" count="3" type="cond" truecount="3" falsecount="1"/>
      <line num="26" count="3" type="stmt"/>
      <line num="28" count="2" type="stmt"/>
      <line num="29" count="2" type="stmt"/>
      <line num="32" count="1" type="stmt"/>
      <line num="33" count="1" type="stmt"/>
      <line num="36" count="1" type="stmt"/>
      <line num="37" count="1" type="stmt"/>
      <line num="40" count="1" type="stmt"/>
      <line num="41" count="1" type="stmt"/>
      <line num="44" count="1" type="stmt"/>
      <line num="45" count="1" type="stmt"/>
      <line num="48" count="1" type="stmt"/>
      <line num="49" count="1" type="stmt"/>
      <line num="52" count="1" type="stmt"/>
      <line num="53" count="1" type="stmt"/>
      <line num="57" count="3" type="stmt"/>
      <line num="58" count="3" type="stmt"/>
      <line num="62" count="5" type="stmt"/>
      <line num="64" count="9" type="cond" truecount="3" falsecount="1"/>
      <line num="65" count="9" type="stmt"/>
      <line num="66" count="5" type="cond" truecount="2" falsecount="0"/>
      <line num="67" count="4" type="stmt"/>
      <line num="68" count="1" type="stmt"/>
      <line num="69" count="5" type="stmt"/>
      <line num="72" count="6" type="stmt"/>
      <line num="74" count="25" type="stmt"/>
      <line num="77" count="2" type="stmt"/>
      <line num="78" count="25" type="stmt"/>
      <line num="81" count="2" type="stmt"/>
      <line num="82" count="6" type="stmt"/>
      <line num="84" count="6" type="stmt"/>
      <line num="86" count="25" type="cond" truecount="2" falsecount="0"/>
      <line num="87" count="2" type="stmt"/>
      <line num="89" count="23" type="stmt"/>
      <line num="92" count="25" type="stmt"/>
      <line num="93" count="6" type="stmt"/>
      <line num="94" count="6" type="stmt"/>
      <line num="97" count="2" type="stmt"/>
      <line num="98" count="2" type="stmt"/>
      <line num="99" count="2" type="stmt"/>
      <line num="100" count="2" type="stmt"/>
      <line num="101" count="1" type="stmt"/>
      <line num="102" count="1" type="stmt"/>
      <line num="104" count="1" type="stmt"/>
      <line num="105" count="1" type="stmt"/>
      <line num="109" count="2" type="stmt"/>
    </file>
    <file name="vite-env.d.ts" path="/Users/premanand/jsonlogic-transformer/src/vite-env.d.ts">
      <metrics statements="0" coveredstatements="0" conditionals="0" coveredconditionals="0" methods="0" coveredmethods="0"/>
    </file>
  </project>
</coverage>
