{"/Users/premanand/jsonlogic-transformer/src/constants.ts": {"path":"/Users/premanand/jsonlogic-transformer/src/constants.ts","statementMap":{"0":{"start":{"line":5,"column":13},"end":{"line":17,"column":2}}},"fnMap":{},"branchMap":{},"s":{"0":2},"f":{},"b":{}}
,"/Users/premanand/jsonlogic-transformer/src/main.ts": {"path":"/Users/premanand/jsonlogic-transformer/src/main.ts","statementMap":{"0":{"start":{"line":1,"column":0},"end":{"line":1,"column":7}},"1":{"start":{"line":4,"column":9},"end":{"line":1,"column":48}},"2":{"start":{"line":2,"column":0},"end":{"line":2,"column":7}},"3":{"start":{"line":4,"column":26},"end":{"line":2,"column":58}}},"fnMap":{},"branchMap":{},"s":{"0":1,"1":1,"2":1,"3":1},"f":{},"b":{}}
,"/Users/premanand/jsonlogic-transformer/src/transformToJson.ts": {"path":"/Users/premanand/jsonlogic-transformer/src/transformToJson.ts","statementMap":{"0":{"start":{"line":2,"column":0},"end":{"line":2,"column":69}},"1":{"start":{"line":3,"column":0},"end":{"line":3,"column":75}},"2":{"start":{"line":5,"column":24},"end":{"line":15,"column":1}},"3":{"start":{"line":6,"column":4},"end":{"line":14,"column":5}},"4":{"start":{"line":7,"column":52},"end":{"line":7,"column":78}},"5":{"start":{"line":8,"column":35},"end":{"line":8,"column":69}},"6":{"start":{"line":9,"column":8},"end":{"line":9,"column":26}},"7":{"start":{"line":12,"column":8},"end":{"line":12,"column":73}},"8":{"start":{"line":13,"column":8},"end":{"line":13,"column":56}},"9":{"start":{"line":17,"column":0},"end":{"line":17,"column":31}}},"fnMap":{"0":{"name":"(anonymous_0)","decl":{"start":{"line":5,"column":24},"end":{"line":5,"column":25}},"loc":{"start":{"line":5,"column":52},"end":{"line":15,"column":1}}}},"branchMap":{},"s":{"0":2,"1":2,"2":2,"3":1,"4":1,"5":1,"6":1,"7":0,"8":0,"9":2},"f":{"0":1},"b":{}}
,"/Users/premanand/jsonlogic-transformer/src/transformToJsonlogic.ts": {"path":"/Users/premanand/jsonlogic-transformer/src/transformToJsonlogic.ts","statementMap":{"0":{"start":{"line":1,"column":0},"end":{"line":1,"column":69}},"1":{"start":{"line":2,"column":0},"end":{"line":2,"column":63}},"2":{"start":{"line":3,"column":0},"end":{"line":3,"column":57}},"3":{"start":{"line":8,"column":34},"end":{"line":75,"column":1}},"4":{"start":{"line":9,"column":52},"end":{"line":9,"column":56}},"5":{"start":{"line":10,"column":23},"end":{"line":10,"column":28}},"6":{"start":{"line":12,"column":2},"end":{"line":73,"column":3}},"7":{"start":{"line":14,"column":37},"end":{"line":18,"column":19}},"8":{"start":{"line":16,"column":23},"end":{"line":16,"column":67}},"9":{"start":{"line":17,"column":25},"end":{"line":17,"column":30}},"10":{"start":{"line":19,"column":6},"end":{"line":19,"column":51}},"11":{"start":{"line":20,"column":6},"end":{"line":20,"column":12}},"12":{"start":{"line":23,"column":37},"end":{"line":27,"column":19}},"13":{"start":{"line":25,"column":23},"end":{"line":25,"column":67}},"14":{"start":{"line":26,"column":25},"end":{"line":26,"column":30}},"15":{"start":{"line":28,"column":6},"end":{"line":28,"column":76}},"16":{"start":{"line":29,"column":6},"end":{"line":29,"column":12}},"17":{"start":{"line":32,"column":6},"end":{"line":32,"column":69}},"18":{"start":{"line":33,"column":6},"end":{"line":33,"column":12}},"19":{"start":{"line":36,"column":6},"end":{"line":36,"column":68}},"20":{"start":{"line":37,"column":6},"end":{"line":37,"column":12}},"21":{"start":{"line":40,"column":6},"end":{"line":40,"column":68}},"22":{"start":{"line":41,"column":6},"end":{"line":41,"column":12}},"23":{"start":{"line":44,"column":6},"end":{"line":44,"column":69}},"24":{"start":{"line":45,"column":6},"end":{"line":45,"column":12}},"25":{"start":{"line":48,"column":6},"end":{"line":48,"column":68}},"26":{"start":{"line":49,"column":6},"end":{"line":49,"column":12}},"27":{"start":{"line":52,"column":6},"end":{"line":52,"column":68}},"28":{"start":{"line":53,"column":6},"end":{"line":53,"column":12}},"29":{"start":{"line":57,"column":6},"end":{"line":57,"column":56}},"30":{"start":{"line":58,"column":6},"end":{"line":58,"column":12}},"31":{"start":{"line":62,"column":39},"end":{"line":65,"column":31}},"32":{"start":{"line":64,"column":23},"end":{"line":64,"column":67}},"33":{"start":{"line":65,"column":25},"end":{"line":65,"column":30}},"34":{"start":{"line":66,"column":6},"end":{"line":68,"column":25}},"35":{"start":{"line":67,"column":8},"end":{"line":67,"column":104}},"36":{"start":{"line":68,"column":13},"end":{"line":68,"column":25}},"37":{"start":{"line":69,"column":6},"end":{"line":69,"column":12}},"38":{"start":{"line":72,"column":6},"end":{"line":72,"column":42}},"39":{"start":{"line":74,"column":2},"end":{"line":74,"column":16}},"40":{"start":{"line":8,"column":13},"end":{"line":8,"column":34}},"41":{"start":{"line":77,"column":20},"end":{"line":79,"column":1}},"42":{"start":{"line":78,"column":2},"end":{"line":78,"column":49}},"43":{"start":{"line":81,"column":35},"end":{"line":95,"column":1}},"44":{"start":{"line":82,"column":32},"end":{"line":82,"column":36}},"45":{"start":{"line":84,"column":31},"end":{"line":92,"column":29}},"46":{"start":{"line":86,"column":6},"end":{"line":90,"column":7}},"47":{"start":{"line":87,"column":8},"end":{"line":87,"column":48}},"48":{"start":{"line":89,"column":8},"end":{"line":89,"column":40}},"49":{"start":{"line":92,"column":22},"end":{"line":92,"column":28}},"50":{"start":{"line":93,"column":30},"end":{"line":93,"column":78}},"51":{"start":{"line":94,"column":2},"end":{"line":94,"column":21}},"52":{"start":{"line":81,"column":13},"end":{"line":81,"column":35}},"53":{"start":{"line":97,"column":29},"end":{"line":107,"column":1}},"54":{"start":{"line":98,"column":2},"end":{"line":106,"column":3}},"55":{"start":{"line":99,"column":24},"end":{"line":99,"column":50}},"56":{"start":{"line":100,"column":40},"end":{"line":100,"column":53}},"57":{"start":{"line":101,"column":31},"end":{"line":101,"column":62}},"58":{"start":{"line":102,"column":4},"end":{"line":102,"column":22}},"59":{"start":{"line":104,"column":4},"end":{"line":104,"column":21}},"60":{"start":{"line":105,"column":4},"end":{"line":105,"column":52}},"61":{"start":{"line":109,"column":0},"end":{"line":109,"column":36}}},"fnMap":{"0":{"name":"(anonymous_0)","decl":{"start":{"line":8,"column":34},"end":{"line":8,"column":35}},"loc":{"start":{"line":8,"column":57},"end":{"line":75,"column":1}}},"1":{"name":"(anonymous_1)","decl":{"start":{"line":16,"column":13},"end":{"line":16,"column":14}},"loc":{"start":{"line":16,"column":23},"end":{"line":16,"column":67}}},"2":{"name":"(anonymous_2)","decl":{"start":{"line":17,"column":16},"end":{"line":17,"column":17}},"loc":{"start":{"line":17,"column":25},"end":{"line":17,"column":30}}},"3":{"name":"(anonymous_3)","decl":{"start":{"line":25,"column":13},"end":{"line":25,"column":14}},"loc":{"start":{"line":25,"column":23},"end":{"line":25,"column":67}}},"4":{"name":"(anonymous_4)","decl":{"start":{"line":26,"column":16},"end":{"line":26,"column":17}},"loc":{"start":{"line":26,"column":25},"end":{"line":26,"column":30}}},"5":{"name":"(anonymous_5)","decl":{"start":{"line":64,"column":13},"end":{"line":64,"column":14}},"loc":{"start":{"line":64,"column":23},"end":{"line":64,"column":67}}},"6":{"name":"(anonymous_6)","decl":{"start":{"line":65,"column":16},"end":{"line":65,"column":17}},"loc":{"start":{"line":65,"column":25},"end":{"line":65,"column":30}}},"7":{"name":"(anonymous_7)","decl":{"start":{"line":77,"column":20},"end":{"line":77,"column":21}},"loc":{"start":{"line":77,"column":66},"end":{"line":79,"column":1}}},"8":{"name":"(anonymous_8)","decl":{"start":{"line":81,"column":35},"end":{"line":81,"column":36}},"loc":{"start":{"line":81,"column":59},"end":{"line":95,"column":1}}},"9":{"name":"(anonymous_9)","decl":{"start":{"line":85,"column":9},"end":{"line":85,"column":10}},"loc":{"start":{"line":85,"column":18},"end":{"line":91,"column":5}}},"10":{"name":"(anonymous_10)","decl":{"start":{"line":92,"column":12},"end":{"line":92,"column":13}},"loc":{"start":{"line":92,"column":22},"end":{"line":92,"column":28}}},"11":{"name":"(anonymous_11)","decl":{"start":{"line":97,"column":29},"end":{"line":97,"column":30}},"loc":{"start":{"line":97,"column":44},"end":{"line":107,"column":1}}}},"branchMap":{"0":{"loc":{"start":{"line":9,"column":10},"end":{"line":9,"column":20}},"type":"default-arg","locations":[{"start":{"line":9,"column":18},"end":{"line":9,"column":20}}]},"1":{"loc":{"start":{"line":9,"column":22},"end":{"line":9,"column":35}},"type":"default-arg","locations":[{"start":{"line":9,"column":33},"end":{"line":9,"column":35}}]},"2":{"loc":{"start":{"line":9,"column":37},"end":{"line":9,"column":47}},"type":"default-arg","locations":[{"start":{"line":9,"column":45},"end":{"line":9,"column":47}}]},"3":{"loc":{"start":{"line":12,"column":2},"end":{"line":73,"column":3}},"type":"switch","locations":[{"start":{"line":13,"column":4},"end":{"line":21,"column":5}},{"start":{"line":22,"column":4},"end":{"line":30,"column":5}},{"start":{"line":31,"column":4},"end":{"line":34,"column":5}},{"start":{"line":35,"column":4},"end":{"line":38,"column":5}},{"start":{"line":39,"column":4},"end":{"line":42,"column":5}},{"start":{"line":43,"column":4},"end":{"line":46,"column":5}},{"start":{"line":47,"column":4},"end":{"line":50,"column":5}},{"start":{"line":51,"column":4},"end":{"line":54,"column":5}},{"start":{"line":55,"column":4},"end":{"line":55,"column":16}},{"start":{"line":56,"column":4},"end":{"line":59,"column":5}},{"start":{"line":60,"column":4},"end":{"line":60,"column":19}},{"start":{"line":61,"column":4},"end":{"line":70,"column":5}},{"start":{"line":71,"column":4},"end":{"line":72,"column":42}}]},"4":{"loc":{"start":{"line":16,"column":23},"end":{"line":16,"column":67}},"type":"cond-expr","locations":[{"start":{"line":16,"column":45},"end":{"line":16,"column":62}},{"start":{"line":16,"column":65},"end":{"line":16,"column":67}}]},"5":{"loc":{"start":{"line":16,"column":23},"end":{"line":16,"column":42}},"type":"binary-expr","locations":[{"start":{"line":16,"column":23},"end":{"line":16,"column":26}},{"start":{"line":16,"column":30},"end":{"line":16,"column":42}}]},"6":{"loc":{"start":{"line":25,"column":23},"end":{"line":25,"column":67}},"type":"cond-expr","locations":[{"start":{"line":25,"column":45},"end":{"line":25,"column":62}},{"start":{"line":25,"column":65},"end":{"line":25,"column":67}}]},"7":{"loc":{"start":{"line":25,"column":23},"end":{"line":25,"column":42}},"type":"binary-expr","locations":[{"start":{"line":25,"column":23},"end":{"line":25,"column":26}},{"start":{"line":25,"column":30},"end":{"line":25,"column":42}}]},"8":{"loc":{"start":{"line":64,"column":23},"end":{"line":64,"column":67}},"type":"cond-expr","locations":[{"start":{"line":64,"column":45},"end":{"line":64,"column":62}},{"start":{"line":64,"column":65},"end":{"line":64,"column":67}}]},"9":{"loc":{"start":{"line":64,"column":23},"end":{"line":64,"column":42}},"type":"binary-expr","locations":[{"start":{"line":64,"column":23},"end":{"line":64,"column":26}},{"start":{"line":64,"column":30},"end":{"line":64,"column":42}}]},"10":{"loc":{"start":{"line":66,"column":6},"end":{"line":68,"column":25}},"type":"if","locations":[{"start":{"line":66,"column":6},"end":{"line":68,"column":25}},{"start":{"line":68,"column":13},"end":{"line":68,"column":25}}]},"11":{"loc":{"start":{"line":86,"column":6},"end":{"line":90,"column":7}},"type":"if","locations":[{"start":{"line":86,"column":6},"end":{"line":90,"column":7}},{"start":{"line":88,"column":13},"end":{"line":90,"column":7}}]}},"s":{"0":2,"1":2,"2":2,"3":2,"4":25,"5":25,"6":25,"7":3,"8":6,"9":6,"10":3,"11":3,"12":2,"13":3,"14":3,"15":2,"16":2,"17":1,"18":1,"19":1,"20":1,"21":1,"22":1,"23":1,"24":1,"25":1,"26":1,"27":1,"28":1,"29":3,"30":3,"31":5,"32":9,"33":9,"34":5,"35":4,"36":1,"37":5,"38":6,"39":25,"40":2,"41":2,"42":25,"43":2,"44":6,"45":6,"46":25,"47":2,"48":23,"49":25,"50":6,"51":6,"52":2,"53":2,"54":2,"55":2,"56":2,"57":1,"58":1,"59":1,"60":1,"61":2},"f":{"0":25,"1":6,"2":6,"3":3,"4":3,"5":9,"6":9,"7":25,"8":6,"9":25,"10":25,"11":2},"b":{"0":[0],"1":[0],"2":[1],"3":[3,2,1,1,1,1,1,1,1,3,2,5,6],"4":[6,0],"5":[6,6],"6":[3,0],"7":[3,3],"8":[9,0],"9":[9,9],"10":[4,1],"11":[2,23]}}
,"/Users/premanand/jsonlogic-transformer/src/vite-env.d.ts": {"path":"/Users/premanand/jsonlogic-transformer/src/vite-env.d.ts","statementMap":{},"fnMap":{},"branchMap":{},"s":{},"f":{},"b":{}}
}
