TN:
SF:src/constants.ts
FNF:0
FNH:0
DA:5,2
LF:1
LH:1
BRF:0
BRH:0
end_of_record
TN:
SF:src/main.ts
FNF:0
FNH:0
DA:1,1
DA:2,1
DA:4,1
LF:3
LH:3
BRF:0
BRH:0
end_of_record
TN:
SF:src/transformToJson.ts
FN:5,(anonymous_0)
FNF:1
FNH:1
FNDA:1,(anonymous_0)
DA:2,2
DA:3,2
DA:5,2
DA:6,1
DA:7,1
DA:8,1
DA:9,1
DA:12,0
DA:13,0
DA:17,2
LF:10
LH:8
BRF:0
BRH:0
end_of_record
TN:
SF:src/transformToJsonlogic.ts
FN:8,(anonymous_0)
FN:16,(anonymous_1)
FN:17,(anonymous_2)
FN:25,(anonymous_3)
FN:26,(anonymous_4)
FN:64,(anonymous_5)
FN:65,(anonymous_6)
FN:77,(anonymous_7)
FN:81,(anonymous_8)
FN:85,(anonymous_9)
FN:92,(anonymous_10)
FN:97,(anonymous_11)
FNF:12
FNH:12
FNDA:25,(anonymous_0)
FNDA:6,(anonymous_1)
FNDA:6,(anonymous_2)
FNDA:3,(anonymous_3)
FNDA:3,(anonymous_4)
FNDA:9,(anonymous_5)
FNDA:9,(anonymous_6)
FNDA:25,(anonymous_7)
FNDA:6,(anonymous_8)
FNDA:25,(anonymous_9)
FNDA:25,(anonymous_10)
FNDA:2,(anonymous_11)
DA:1,2
DA:2,2
DA:3,2
DA:8,2
DA:9,25
DA:10,25
DA:12,25
DA:14,3
DA:16,6
DA:17,6
DA:19,3
DA:20,3
DA:23,2
DA:25,3
DA:26,3
DA:28,2
DA:29,2
DA:32,1
DA:33,1
DA:36,1
DA:37,1
DA:40,1
DA:41,1
DA:44,1
DA:45,1
DA:48,1
DA:49,1
DA:52,1
DA:53,1
DA:57,3
DA:58,3
DA:62,5
DA:64,9
DA:65,9
DA:66,5
DA:67,4
DA:68,1
DA:69,5
DA:72,6
DA:74,25
DA:77,2
DA:78,25
DA:81,2
DA:82,6
DA:84,6
DA:86,25
DA:87,2
DA:89,23
DA:92,25
DA:93,6
DA:94,6
DA:97,2
DA:98,2
DA:99,2
DA:100,2
DA:101,1
DA:102,1
DA:104,1
DA:105,1
DA:109,2
LF:60
LH:60
BRDA:9,0,0,0
BRDA:9,1,0,0
BRDA:9,2,0,1
BRDA:12,3,0,3
BRDA:12,3,1,2
BRDA:12,3,2,1
BRDA:12,3,3,1
BRDA:12,3,4,1
BRDA:12,3,5,1
BRDA:12,3,6,1
BRDA:12,3,7,1
BRDA:12,3,8,1
BRDA:12,3,9,3
BRDA:12,3,10,2
BRDA:12,3,11,5
BRDA:12,3,12,6
BRDA:16,4,0,6
BRDA:16,4,1,0
BRDA:16,5,0,6
BRDA:16,5,1,6
BRDA:25,6,0,3
BRDA:25,6,1,0
BRDA:25,7,0,3
BRDA:25,7,1,3
BRDA:64,8,0,9
BRDA:64,8,1,0
BRDA:64,9,0,9
BRDA:64,9,1,9
BRDA:66,10,0,4
BRDA:66,10,1,1
BRDA:86,11,0,2
BRDA:86,11,1,23
BRF:32
BRH:27
end_of_record
TN:
SF:src/vite-env.d.ts
FNF:0
FNH:0
LF:0
LH:0
BRF:0
BRH:0
end_of_record
